0 info it worked if it ends with ok
1 verbose cli [ '/home/rejns/.nvm/versions/node/v5.10.1/bin/node',
1 verbose cli   '/home/rejns/.nvm/versions/node/v5.10.1/bin/npm',
1 verbose cli   'run',
1 verbose cli   'dev' ]
2 info using npm@3.8.3
3 info using node@v5.10.1
4 verbose run-script [ 'predev', 'dev', 'postdev' ]
5 info lifecycle nodeapp@1.0.0~predev: nodeapp@1.0.0
6 silly lifecycle nodeapp@1.0.0~predev: no script for predev, continuing
7 info lifecycle nodeapp@1.0.0~dev: nodeapp@1.0.0
8 verbose lifecycle nodeapp@1.0.0~dev: unsafe-perm in lifecycle true
9 verbose lifecycle nodeapp@1.0.0~dev: PATH: /home/rejns/.nvm/versions/node/v5.10.1/lib/node_modules/npm/bin/node-gyp-bin:/home/rejns/nodeapp/app/node_modules/.bin:/home/rejns/.nvm/versions/node/v5.10.1/bin:/home/rejns/.nvm/versions/node/v5.10.1/bin:/usr/local/bin/robomongo/bin/:/home/rejns/bin:/home/rejns/.local/bin:/usr/local/sbin:/usr/local/bin:/usr/sbin:/usr/bin:/sbin:/bin:/usr/games:/usr/local/games:/snap/bin:/opt/idea-IC-172.4343.14/bin
10 verbose lifecycle nodeapp@1.0.0~dev: CWD: /home/rejns/nodeapp/app
11 silly lifecycle nodeapp@1.0.0~dev: Args: [ '-c', 'docker-compose -f docker-compose.yml up --build' ]
12 silly lifecycle nodeapp@1.0.0~dev: Returned: code: 1  signal: null
13 info lifecycle nodeapp@1.0.0~dev: Failed to exec dev script
14 verbose stack Error: nodeapp@1.0.0 dev: `docker-compose -f docker-compose.yml up --build`
14 verbose stack Exit status 1
14 verbose stack     at EventEmitter.<anonymous> (/home/rejns/.nvm/versions/node/v5.10.1/lib/node_modules/npm/lib/utils/lifecycle.js:239:16)
14 verbose stack     at emitTwo (events.js:100:13)
14 verbose stack     at EventEmitter.emit (events.js:185:7)
14 verbose stack     at ChildProcess.<anonymous> (/home/rejns/.nvm/versions/node/v5.10.1/lib/node_modules/npm/lib/utils/spawn.js:24:14)
14 verbose stack     at emitTwo (events.js:100:13)
14 verbose stack     at ChildProcess.emit (events.js:185:7)
14 verbose stack     at maybeClose (internal/child_process.js:850:16)
14 verbose stack     at Process.ChildProcess._handle.onexit (internal/child_process.js:215:5)
15 verbose pkgid nodeapp@1.0.0
16 verbose cwd /home/rejns/nodeapp/app
17 error Linux 4.10.0-42-generic
18 error argv "/home/rejns/.nvm/versions/node/v5.10.1/bin/node" "/home/rejns/.nvm/versions/node/v5.10.1/bin/npm" "run" "dev"
19 error node v5.10.1
20 error npm  v3.8.3
21 error code ELIFECYCLE
22 error nodeapp@1.0.0 dev: `docker-compose -f docker-compose.yml up --build`
22 error Exit status 1
23 error Failed at the nodeapp@1.0.0 dev script 'docker-compose -f docker-compose.yml up --build'.
23 error Make sure you have the latest version of node.js and npm installed.
23 error If you do, this is most likely a problem with the nodeapp package,
23 error not with npm itself.
23 error Tell the author that this fails on your system:
23 error     docker-compose -f docker-compose.yml up --build
23 error You can get information on how to open an issue for this project with:
23 error     npm bugs nodeapp
23 error Or if that isn't available, you can get their info via:
23 error     npm owner ls nodeapp
23 error There is likely additional logging output above.
24 verbose exit [ 1, true ]
