0 info it worked if it ends with ok
1 verbose cli [ '/home/rejns/.nvm/versions/node/v5.10.1/bin/node',
1 verbose cli   '/home/rejns/.nvm/versions/node/v5.10.1/bin/npm',
1 verbose cli   'run',
1 verbose cli   'dev' ]
2 info using npm@3.8.3
3 info using node@v5.10.1
4 verbose stack Error: missing script: dev
4 verbose stack     at run (/home/rejns/.nvm/versions/node/v5.10.1/lib/node_modules/npm/lib/run-script.js:147:19)
4 verbose stack     at /home/rejns/.nvm/versions/node/v5.10.1/lib/node_modules/npm/lib/run-script.js:57:5
4 verbose stack     at /home/rejns/.nvm/versions/node/v5.10.1/lib/node_modules/npm/node_modules/read-package-json/read-json.js:345:5
4 verbose stack     at checkBinReferences_ (/home/rejns/.nvm/versions/node/v5.10.1/lib/node_modules/npm/node_modules/read-package-json/read-json.js:309:45)
4 verbose stack     at final (/home/rejns/.nvm/versions/node/v5.10.1/lib/node_modules/npm/node_modules/read-package-json/read-json.js:343:3)
4 verbose stack     at then (/home/rejns/.nvm/versions/node/v5.10.1/lib/node_modules/npm/node_modules/read-package-json/read-json.js:113:5)
4 verbose stack     at ReadFileContext.<anonymous> (/home/rejns/.nvm/versions/node/v5.10.1/lib/node_modules/npm/node_modules/read-package-json/read-json.js:284:20)
4 verbose stack     at ReadFileContext.callback (/home/rejns/.nvm/versions/node/v5.10.1/lib/node_modules/npm/node_modules/graceful-fs/graceful-fs.js:78:16)
4 verbose stack     at FSReqWrap.readFileAfterOpen [as oncomplete] (fs.js:324:13)
5 verbose cwd /home/rejns/nodeapp/api
6 error Linux 4.10.0-42-generic
7 error argv "/home/rejns/.nvm/versions/node/v5.10.1/bin/node" "/home/rejns/.nvm/versions/node/v5.10.1/bin/npm" "run" "dev"
8 error node v5.10.1
9 error npm  v3.8.3
10 error missing script: dev
11 error If you need help, you may report this error at:
11 error     <https://github.com/npm/npm/issues>
12 verbose exit [ 1, true ]
